<?xml version="1.0" encoding="UTF-8"?>
<!-- Generated by org.testng.reporters.JUnitReportReporter -->
<testsuite hostname="viveks-MacBook-Air.local" failures="0" tests="5" name="com.qa.opencart.tests.LoginPageTest" time="11.654" errors="0" timestamp="2024-12-26T16:03:29 IST" skipped="0">
  <testcase classname="com.qa.opencart.tests.LoginPageTest" name="loginTestWithInvalidcredentials" time="3.751"/>
  <system-out/>
  <testcase classname="com.qa.opencart.tests.LoginPageTest" name="loginPageTitleTest" time="0.309"/>
  <system-out/>
  <testcase classname="com.qa.opencart.tests.LoginPageTest" name="loginPageUrlTest" time="5.157"/>
  <system-out/>
  <testcase classname="com.qa.opencart.tests.LoginPageTest" name="forgotpwdLinkExitTest" time="0.660"/>
  <system-out/>
  <testcase classname="com.qa.opencart.tests.LoginPageTest" name="loginTest" time="1.777"/>
  <system-out/>
</testsuite> <!-- com.qa.opencart.tests.LoginPageTest -->
