<?xml version="1.0" encoding="UTF-8"?>
<!-- Generated by org.testng.reporters.JUnitReportReporter -->
<testsuite hostname="viveks-Air" failures="0" tests="1" name="com.qa.opencart.tests.LoginPageTest" time="4.159" errors="0" timestamp="2024-12-21T22:08:42 IST" skipped="0">
  <testcase classname="com.qa.opencart.tests.LoginPageTest" name="loginTestWithInvalidcredentials" time="4.159"/>
  <system-out/>
</testsuite> <!-- com.qa.opencart.tests.LoginPageTest -->
