<?xml version="1.0" encoding="UTF-8"?>
<!-- Generated by org.testng.reporters.JUnitReportReporter -->
<testsuite hostname="viveks-MacBook-Air.local" failures="0" tests="3" name="com.qa.opencart.tests.ResigterPageTest" time="10.656" errors="0" timestamp="2024-12-26T16:03:29 IST" skipped="0">
  <testcase classname="com.qa.opencart.tests.ResigterPageTest" name="userRegisterationTest" time="3.242"/>
  <system-out/>
  <testcase classname="com.qa.opencart.tests.ResigterPageTest" name="userRegisterationTest" time="4.212"/>
  <system-out/>
  <testcase classname="com.qa.opencart.tests.ResigterPageTest" name="userRegisterationTest" time="3.202"/>
  <system-out/>
</testsuite> <!-- com.qa.opencart.tests.ResigterPageTest -->
