<?xml version="1.0" encoding="UTF-8"?>
<!-- Generated by org.testng.reporters.JUnitReportReporter -->
<testsuite hostname="viveks-Air" failures="0" tests="3" name="com.qa.opencart.tests.ResigterPageTest" time="9.482" errors="0" timestamp="2024-12-21T15:28:58 IST" skipped="0">
  <testcase classname="com.qa.opencart.tests.ResigterPageTest" name="userRegisterationTest" time="3.046"/>
  <system-out/>
  <testcase classname="com.qa.opencart.tests.ResigterPageTest" name="userRegisterationTest" time="3.439"/>
  <system-out/>
  <testcase classname="com.qa.opencart.tests.ResigterPageTest" name="userRegisterationTest" time="2.997"/>
  <system-out/>
</testsuite> <!-- com.qa.opencart.tests.ResigterPageTest -->
