<?xml version="1.0" encoding="UTF-8"?>
<!-- Generated by org.testng.reporters.JUnitReportReporter -->
<testsuite hostname="viveks-MacBook-Air.local" failures="0" tests="5" name="com.qa.opencart.tests.LoginPageTest" time="10.437" errors="0" timestamp="2024-12-22T11:07:18 IST" skipped="0">
  <testcase classname="com.qa.opencart.tests.LoginPageTest" name="loginTestWithInvalidcredentials" time="3.000"/>
  <system-out/>
  <testcase classname="com.qa.opencart.tests.LoginPageTest" name="loginPageTitleTest" time="0.235"/>
  <system-out/>
  <testcase classname="com.qa.opencart.tests.LoginPageTest" name="loginPageUrlTest" time="5.154"/>
  <system-out/>
  <testcase classname="com.qa.opencart.tests.LoginPageTest" name="forgotpwdLinkExitTest" time="0.540"/>
  <system-out/>
  <testcase classname="com.qa.opencart.tests.LoginPageTest" name="loginTest" time="1.508"/>
  <system-out/>
</testsuite> <!-- com.qa.opencart.tests.LoginPageTest -->
