<?xml version="1.0" encoding="UTF-8"?>
<!-- Generated by org.testng.reporters.JUnitReportReporter -->
<testsuite hostname="viveks-MacBook-Air.local" failures="0" tests="3" name="com.qa.opencart.tests.ResigterPageTest" time="6.355" errors="0" timestamp="2024-12-15T21:43:19 IST" skipped="0">
  <testcase classname="com.qa.opencart.tests.ResigterPageTest" name="userRegisterationTest" time="2.205"/>
  <system-out/>
  <testcase classname="com.qa.opencart.tests.ResigterPageTest" name="userRegisterationTest" time="2.039"/>
  <system-out/>
  <testcase classname="com.qa.opencart.tests.ResigterPageTest" name="userRegisterationTest" time="2.111"/>
  <system-out/>
</testsuite> <!-- com.qa.opencart.tests.ResigterPageTest -->
